# JRE version: Java(TM) SE Runtime Environment (8.0_92-b14) (build 1.8.0_92-b14)
# Java VM: Java HotSpot(TM) 64-Bit Server VM (25.92-b14 mixed mode windows-amd64 compressed oops)
Heap:
 PSYoungGen      total 322048K, used 119967K [0x00000000eab00000, 0x00000000ffd00000, 0x0000000100000000)
  eden space 300032K, 39% used [0x00000000eab00000,0x00000000f2027d88,0x00000000fd000000)
  from space 22016K, 0% used [0x00000000fe780000,0x00000000fe780000,0x00000000ffd00000)
  to   space 23040K, 0% used [0x00000000fd000000,0x00000000fd000000,0x00000000fe680000)
 ParOldGen       total 73728K, used 42039K [0x00000000c0000000, 0x00000000c4800000, 0x00000000eab00000)
  object space 73728K, 57% used [0x00000000c0000000,0x00000000c290df18,0x00000000c4800000)
 Metaspace       used 58758K, capacity 60948K, committed 61184K, reserved 1101824K
  class space    used 7630K, capacity 8069K, committed 8192K, reserved 1048576K
GC Heap History (10 events):
Event: 407.328 GC heap before
{Heap before GC invocations=21 (full 5):
 PSYoungGen      total 325120K, used 117854K [0x00000000eab00000, 0x0000000100000000, 0x0000000100000000)
  eden space 304128K, 31% used [0x00000000eab00000,0x00000000f099a000,0x00000000fd400000)
  from space 20992K, 99% used [0x00000000fd400000,0x00000000fe87d9f8,0x00000000fe880000)
  to   space 24064K, 0% used [0x00000000fe880000,0x00000000fe880000,0x0000000100000000)
 ParOldGen       total 73728K, used 46607K [0x00000000c0000000, 0x00000000c4800000, 0x00000000eab00000)
  object space 73728K, 63% used [0x00000000c0000000,0x00000000c2d83f50,0x00000000c4800000)
 Metaspace       used 57965K, capacity 60034K, committed 60288K, reserved 1101824K
  class space    used 7580K, capacity 7994K, committed 8064K, reserved 1048576K
Event: 407.353 GC heap after
Heap after GC invocations=21 (full 5):
 PSYoungGen      total 323072K, used 4643K [0x00000000eab00000, 0x0000000100000000, 0x0000000100000000)
  eden space 299008K, 0% used [0x00000000eab00000,0x00000000eab00000,0x00000000fcf00000)
  from space 24064K, 19% used [0x00000000fe880000,0x00000000fed08e28,0x0000000100000000)
  to   space 25088K, 0% used [0x00000000fcf00000,0x00000000fcf00000,0x00000000fe780000)
 ParOldGen       total 73728K, used 46607K [0x00000000c0000000, 0x00000000c4800000, 0x00000000eab00000)
  object space 73728K, 63% used [0x00000000c0000000,0x00000000c2d83f50,0x00000000c4800000)
 Metaspace       used 57965K, capacity 60034K, committed 60288K, reserved 1101824K
  class space    used 7580K, capacity 7994K, committed 8064K, reserved 1048576K
}
Event: 407.353 GC heap before
{Heap before GC invocations=22 (full 6):
 PSYoungGen      total 323072K, used 4643K [0x00000000eab00000, 0x0000000100000000, 0x0000000100000000)
  eden space 299008K, 0% used [0x00000000eab00000,0x00000000eab00000,0x00000000fcf00000)
  from space 24064K, 19% used [0x00000000fe880000,0x00000000fed08e28,0x0000000100000000)
  to   space 25088K, 0% used [0x00000000fcf00000,0x00000000fcf00000,0x00000000fe780000)
 ParOldGen       total 73728K, used 46607K [0x00000000c0000000, 0x00000000c4800000, 0x00000000eab00000)
  object space 73728K, 63% used [0x00000000c0000000,0x00000000c2d83f50,0x00000000c4800000)
 Metaspace       used 57965K, capacity 60034K, committed 60288K, reserved 1101824K
  class space    used 7580K, capacity 7994K, committed 8064K, reserved 1048576K
Event: 407.809 GC heap after
Heap after GC invocations=22 (full 6):
 PSYoungGen      total 323072K, used 0K [0x00000000eab00000, 0x0000000100000000, 0x0000000100000000)
  eden space 299008K, 0% used [0x00000000eab00000,0x00000000eab00000,0x00000000fcf00000)
  from space 24064K, 0% used [0x00000000fe880000,0x00000000fe880000,0x0000000100000000)
  to   space 25088K, 0% used [0x00000000fcf00000,0x00000000fcf00000,0x00000000fe780000)
 ParOldGen       total 73728K, used 40334K [0x00000000c0000000, 0x00000000c4800000, 0x00000000eab00000)
  object space 73728K, 54% used [0x00000000c0000000,0x00000000c2763be0,0x00000000c4800000)
 Metaspace       used 57965K, capacity 60034K, committed 60288K, reserved 1101824K
  class space    used 7580K, capacity 7994K, committed 8064K, reserved 1048576K
}
Event: 468.663 GC heap before
{Heap before GC invocations=23 (full 6):
 PSYoungGen      total 323072K, used 299008K [0x00000000eab00000, 0x0000000100000000, 0x0000000100000000)
  eden space 299008K, 100% used [0x00000000eab00000,0x00000000fcf00000,0x00000000fcf00000)
  from space 24064K, 0% used [0x00000000fe880000,0x00000000fe880000,0x0000000100000000)
  to   space 25088K, 0% used [0x00000000fcf00000,0x00000000fcf00000,0x00000000fe780000)
 ParOldGen       total 73728K, used 40334K [0x00000000c0000000, 0x00000000c4800000, 0x00000000eab00000)
  object space 73728K, 54% used [0x00000000c0000000,0x00000000c2763be0,0x00000000c4800000)
 Metaspace       used 58257K, capacity 60322K, committed 60544K, reserved 1101824K
  class space    used 7595K, capacity 8014K, committed 8064K, reserved 1048576K
Event: 468.707 GC heap after
Heap after GC invocations=23 (full 6):
 PSYoungGen      total 324096K, used 11605K [0x00000000eab00000, 0x00000000fff00000, 0x0000000100000000)
  eden space 299008K, 0% used [0x00000000eab00000,0x00000000eab00000,0x00000000fcf00000)
  from space 25088K, 46% used [0x00000000fcf00000,0x00000000fda55568,0x00000000fe780000)
  to   space 24064K, 0% used [0x00000000fe780000,0x00000000fe780000,0x00000000fff00000)
 ParOldGen       total 73728K, used 40342K [0x00000000c0000000, 0x00000000c4800000, 0x00000000eab00000)
  object space 73728K, 54% used [0x00000000c0000000,0x00000000c2765be0,0x00000000c4800000)
 Metaspace       used 58257K, capacity 60322K, committed 60544K, reserved 1101824K
  class space    used 7595K, capacity 8014K, committed 8064K, reserved 1048576K
}
Event: 604.341 GC heap before
{Heap before GC invocations=24 (full 6):
 PSYoungGen      total 324096K, used 213299K [0x00000000eab00000, 0x00000000fff00000, 0x0000000100000000)
  eden space 299008K, 67% used [0x00000000eab00000,0x00000000f6ff77a0,0x00000000fcf00000)
  from space 25088K, 46% used [0x00000000fcf00000,0x00000000fda55568,0x00000000fe780000)
  to   space 24064K, 0% used [0x00000000fe780000,0x00000000fe780000,0x00000000fff00000)
 ParOldGen       total 73728K, used 40342K [0x00000000c0000000, 0x00000000c4800000, 0x00000000eab00000)
  object space 73728K, 54% used [0x00000000c0000000,0x00000000c2765be0,0x00000000c4800000)
 Metaspace       used 58739K, capacity 60948K, committed 61184K, reserved 1101824K
  class space    used 7629K, capacity 8069K, committed 8192K, reserved 1048576K
Event: 604.405 GC heap after
Heap after GC invocations=24 (full 6):
 PSYoungGen      total 322048K, used 9486K [0x00000000eab00000, 0x00000000ffd00000, 0x0000000100000000)
  eden space 300032K, 0% used [0x00000000eab00000,0x00000000eab00000,0x00000000fd000000)
  from space 22016K, 43% used [0x00000000fe780000,0x00000000ff0c3a40,0x00000000ffd00000)
  to   space 23040K, 0% used [0x00000000fd000000,0x00000000fd000000,0x00000000fe680000)
 ParOldGen       total 73728K, used 40350K [0x00000000c0000000, 0x00000000c4800000, 0x00000000eab00000)
  object space 73728K, 54% used [0x00000000c0000000,0x00000000c2767be0,0x00000000c4800000)
 Metaspace       used 58739K, capacity 60948K, committed 61184K, reserved 1101824K
  class space    used 7629K, capacity 8069K, committed 8192K, reserved 1048576K
}
Event: 604.405 GC heap before
{Heap before GC invocations=25 (full 7):
 PSYoungGen      total 322048K, used 9486K [0x00000000eab00000, 0x00000000ffd00000, 0x0000000100000000)
  eden space 300032K, 0% used [0x00000000eab00000,0x00000000eab00000,0x00000000fd000000)
  from space 22016K, 43% used [0x00000000fe780000,0x00000000ff0c3a40,0x00000000ffd00000)
  to   space 23040K, 0% used [0x00000000fd000000,0x00000000fd000000,0x00000000fe680000)
 ParOldGen       total 73728K, used 40350K [0x00000000c0000000, 0x00000000c4800000, 0x00000000eab00000)
  object space 73728K, 54% used [0x00000000c0000000,0x00000000c2767be0,0x00000000c4800000)
 Metaspace       used 58739K, capacity 60948K, committed 61184K, reserved 1101824K
  class space    used 7629K, capacity 8069K, committed 8192K, reserved 1048576K
Event: 604.966 GC heap after
Heap after GC invocations=25 (full 7):
 PSYoungGen      total 322048K, used 0K [0x00000000eab00000, 0x00000000ffd00000, 0x0000000100000000)
  eden space 300032K, 0% used [0x00000000eab00000,0x00000000eab00000,0x00000000fd000000)
  from space 22016K, 0% used [0x00000000fe780000,0x00000000fe780000,0x00000000ffd00000)
  to   space 23040K, 0% used [0x00000000fd000000,0x00000000fd000000,0x00000000fe680000)
 ParOldGen       total 73728K, used 42039K [0x00000000c0000000, 0x00000000c4800000, 0x00000000eab00000)
  object space 73728K, 57% used [0x00000000c0000000,0x00000000c290df18,0x00000000c4800000)
 Metaspace       used 58735K, capacity 60942K, committed 61184K, reserved 1101824K
  class space    used 7628K, capacity 8068K, committed 8192K, reserved 1048576K
}

